Added Member To Class: ClassName=Audio ADC Member=Component C1 10u
Added Member To Class: ClassName=Audio ADC Member=Component C2 Cap
Added Member To Class: ClassName=Audio ADC Member=Component C3 0.01u
Added Member To Class: ClassName=Audio ADC Member=Component C4 Cap
Added Member To Class: ClassName=Audio ADC Member=Component C5 22n
Added Member To Class: ClassName=Audio ADC Member=Component C6 22n
Added Member To Class: ClassName=Audio ADC Member=Component C7 10n
Added Member To Class: ClassName=Audio ADC Member=Component C8 220u
Added Member To Class: ClassName=Audio ADC Member=Component D1 LED1
Added Member To Class: ClassName=Audio ADC Member=Component OP1 741
Added Member To Class: ClassName=Audio ADC Member=Component OP2 741
Added Member To Class: ClassName=Audio ADC Member=Component OP3 741
Added Member To Class: ClassName=Audio ADC Member=Component OP4 741
Added Member To Class: ClassName=Audio ADC Member=Component OP5 741
Added Member To Class: ClassName=Audio ADC Member=Component P1 Vin
Added Member To Class: ClassName=Audio ADC Member=Component P2 +10v
Added Member To Class: ClassName=Audio ADC Member=Component P5 VCC
Added Member To Class: ClassName=Audio ADC Member=Component P7 Test
Added Member To Class: ClassName=Audio ADC Member=Component P63D 5v
Added Member To Class: ClassName=Audio ADC Member=Component R1 100k
Added Member To Class: ClassName=Audio ADC Member=Component R2 100k
Added Member To Class: ClassName=Audio ADC Member=Component R3 100k
Added Member To Class: ClassName=Audio ADC Member=Component R4 20k
Added Member To Class: ClassName=Audio ADC Member=Component R5 20k
Added Member To Class: ClassName=Audio ADC Member=Component R6 20k
Added Member To Class: ClassName=Audio ADC Member=Component R7 20k
Added Member To Class: ClassName=Audio ADC Member=Component R8 20k
Added Member To Class: ClassName=Audio ADC Member=Component R9 20k
Added Member To Class: ClassName=Audio ADC Member=Component R10 20k
Added Member To Class: ClassName=Audio ADC Member=Component R11 20k
Added Member To Class: ClassName=Audio ADC Member=Component R12 10k
Added Member To Class: ClassName=Audio ADC Member=Component R13 10k
Added Member To Class: ClassName=Audio ADC Member=Component R14 10k
Added Member To Class: ClassName=Audio ADC Member=Component R15 10k
Added Member To Class: ClassName=Audio ADC Member=Component R16 10k
Added Member To Class: ClassName=Audio ADC Member=Component R17 10k
Added Member To Class: ClassName=Audio ADC Member=Component R18 10k
Added Member To Class: ClassName=Audio ADC Member=Component R19 20k
Added Member To Class: ClassName=Audio ADC Member=Component R20 3k
Added Member To Class: ClassName=Audio ADC Member=Component R21 10
Added Member To Class: ClassName=Audio ADC Member=Component R23 10k
Added Member To Class: ClassName=Audio ADC Member=Component R24 150
Added Member To Class: ClassName=Audio ADC Member=Component S1 SW-PB
Added Member To Class: ClassName=Audio ADC Member=Component U1 ATmega328P-PU
Added Member To Class: ClassName=Audio ADC Member=Component Vout Speaker
Added Member To Class: ClassName=Audio ADC Member=Component VR1 10k
Added Member To Class: ClassName=Audio ADC Member=Component VR2 10k
Added Member To Class: ClassName=Audio ADC Member=Component Y1 16Mhz
Added Room: Name=Audio ADC
