Added Component: Designator=D2(6-0805_M)
Added Component: Designator=D3(6-0805_M)
Added Component: Designator=D4(6-0805_M)
Added Component: Designator=R25(6-0805_M)
Added Component: Designator=R26(6-0805_M)
Added Component: Designator=R27(6-0805_M)
Added Pin To Net: NetName=-10V Pin=D2-2
Added Pin To Net: NetName=10V Pin=D3-1
Added Pin To Net: NetName=5V Pin=D4-1
Added Pin To Net: NetName=GND Pin=R25-1
Added Pin To Net: NetName=GND Pin=R26-1
Added Pin To Net: NetName=GND Pin=R27-1
Added Pin To Net: NetName=NetD2_1 Pin=D2-1
Added Pin To Net: NetName=NetD2_1 Pin=R25-2
Added Net: Name=NetD2_1
Added Pin To Net: NetName=NetD3_2 Pin=D3-2
Added Pin To Net: NetName=NetD3_2 Pin=R26-2
Added Net: Name=NetD3_2
Added Pin To Net: NetName=NetD4_2 Pin=D4-2
Added Pin To Net: NetName=NetD4_2 Pin=R27-2
Added Net: Name=NetD4_2
Added Member To Class: ClassName=Audio ADC Member=Component D2 LED1
Added Member To Class: ClassName=Audio ADC Member=Component D3 LED1
Added Member To Class: ClassName=Audio ADC Member=Component D4 LED1
Added Member To Class: ClassName=Audio ADC Member=Component R25 470
Added Member To Class: ClassName=Audio ADC Member=Component R26 470
Added Member To Class: ClassName=Audio ADC Member=Component R27 180
