Removed Pin From Net: NetName=NetC3_2 Pin=C3-2
Removed Pin From Net: NetName=NetC8_2 Pin=C8-2
Removed Pin From Net: NetName=NetC8_2 Pin=LS1-1
Removed Pin From Net: NetName=NetC3_2 Pin=OP3-3
Removed Pin From Net: NetName=NetC3_2 Pin=R20-1
Change Component Comment : Designator=C6 Old Comment=22uF New Comment=Cap
Change Component Comment : Designator=OP2 Old Comment=741 New Comment=Op Amp
Change Component Comment : Designator=OP3 Old Comment=741 New Comment=Op Amp
Change Component Comment : Designator=OP4 Old Comment=741 New Comment=Op Amp
Change Component Comment : Designator=OP5 Old Comment=741 New Comment=Op Amp
Change Component Comment : Designator=P1 Old Comment=Audio New Comment=Señal Analogica
Change Component Comment : Designator=P5 Old Comment=AVR New Comment=Header 5X2
Added Component: Designator=P7(HDR1X9)
Added Pin To Net: NetName=NetC1_1 Pin=C3-2
Added Pin To Net: NetName=NetC3_2 Pin=C8-2
Added Pin To Net: NetName=NetC3_2 Pin=LS1-1
Added Pin To Net: NetName=NetC8_2 Pin=OP1-3
Added Pin To Net: NetName=NetC1_1 Pin=OP3-3
Added Pin To Net: NetName=NetC8_2 Pin=P1-2
Added Pin To Net: NetName=GND Pin=P7-1
Added Pin To Net: NetName=VCC Pin=P7-2
Added Pin To Net: NetName=-10V Pin=P7-3
Added Pin To Net: NetName=10V Pin=P7-4
Added Pin To Net: NetName=NetC8_2 Pin=P7-5
Added Pin To Net: NetName=NetC1_1 Pin=P7-6
Added Pin To Net: NetName=NetC1_1 Pin=P7-7
Added Pin To Net: NetName=NetOP4_3 Pin=P7-8
Added Pin To Net: NetName=NetC3_2 Pin=P7-9
Added Pin To Net: NetName=NetC1_1 Pin=R20-1
Change Net Name : Old Net Name=NetC1_1 New Net Name=DC BIAS
Change Net Name : Old Net Name=NetC3_2 New Net Name=VOUT
Change Net Name : Old Net Name=NetC8_2 New Net Name=VIN
Change Net Name : Old Net Name=NetOP2_3 New Net Name=DIGITAL
Change Net Name : Old Net Name=NetOP4_3 New Net Name=SEGUIDOR
Change Net Name : Old Net Name=VCC New Net Name=5V
Added Member To Class: ClassName=Audio ADC Member=Component C1 Cap2
Added Member To Class: ClassName=Audio ADC Member=Component C2 Cap
Added Member To Class: ClassName=Audio ADC Member=Component C4 Cap
Added Member To Class: ClassName=Audio ADC Member=Component C5 Cap
Added Member To Class: ClassName=Audio ADC Member=Component C6 Cap
Added Member To Class: ClassName=Audio ADC Member=Component C7 Cap2
Added Member To Class: ClassName=Audio ADC Member=Component C8 Cap2
Added Member To Class: ClassName=Audio ADC Member=Component P7 Header 9
Added Member To Class: ClassName=Audio ADC Member=Component R1 100k
Added Member To Class: ClassName=Audio ADC Member=Component R2 100k
Added Member To Class: ClassName=Audio ADC Member=Component R3 100k
Added Member To Class: ClassName=Audio ADC Member=Component R7 20k
Added Member To Class: ClassName=Audio ADC Member=Component R8 20k
Added Member To Class: ClassName=Audio ADC Member=Component R9 20k
Added Member To Class: ClassName=Audio ADC Member=Component R10 20k
Added Member To Class: ClassName=Audio ADC Member=Component R11 20k
Added Member To Class: ClassName=Audio ADC Member=Component R15 10k
Added Member To Class: ClassName=Audio ADC Member=Component R16 10k
Added Member To Class: ClassName=Audio ADC Member=Component R17 10k
Added Member To Class: ClassName=Audio ADC Member=Component R18 10k
Added Member To Class: ClassName=Audio ADC Member=Component R19 20k
Added Member To Class: ClassName=Audio ADC Member=Component R21 10
Added Member To Class: ClassName=Audio ADC Member=Component R23 10k
Added Member To Class: ClassName=Audio ADC Member=Component R24 150
Added Member To Class: ClassName=Audio ADC Member=Component Y1 16Mhz
