Added Component: Designator=C1(CAPR5-4X5)
Added Component: Designator=C2(RAD-0.3)
Added Component: Designator=C3(RAD-0.3)
Added Component: Designator=C4(RAD-0.3)
Added Component: Designator=C5(RAD-0.3)
Added Component: Designator=C6(RAD-0.3)
Added Component: Designator=C7(CAPR5-4X5)
Added Component: Designator=C8(CAPR5-4X5)
Added Component: Designator=LS1(PIN2)
Added Component: Designator=OP1(DIP-8)
Added Component: Designator=OP2(H-08A)
Added Component: Designator=OP3(H-08A)
Added Component: Designator=OP4(H-08A)
Added Component: Designator=OP5(H-08A)
Added Component: Designator=P1(MHDR1X2)
Added Component: Designator=P2(MHDR1X2)
Added Component: Designator=P3(MHDR1X2)
Added Component: Designator=R1(AXIAL-0.3)
Added Component: Designator=R2(AXIAL-0.3)
Added Component: Designator=R3(AXIAL-0.3)
Added Component: Designator=R4(AXIAL-0.3)
Added Component: Designator=R5(AXIAL-0.3)
Added Component: Designator=R6(AXIAL-0.3)
Added Component: Designator=R7(AXIAL-0.3)
Added Component: Designator=R8(AXIAL-0.3)
Added Component: Designator=R9(AXIAL-0.3)
Added Component: Designator=R10(AXIAL-0.3)
Added Component: Designator=R11(AXIAL-0.3)
Added Component: Designator=R12(AXIAL-0.3)
Added Component: Designator=R13(AXIAL-0.3)
Added Component: Designator=R14(AXIAL-0.3)
Added Component: Designator=R15(AXIAL-0.3)
Added Component: Designator=R16(AXIAL-0.3)
Added Component: Designator=R17(AXIAL-0.3)
Added Component: Designator=R18(AXIAL-0.3)
Added Component: Designator=R19(AXIAL-0.3)
Added Component: Designator=R20(AXIAL-0.3)
Added Component: Designator=R21(AXIAL-0.3)
Added Component: Designator=R23(AXIAL-0.3)
Added Component: Designator=S1(SPST-2)
Added Component: Designator=U1(28P3)
Added Component: Designator=VR1(VR5)
Added Component: Designator=VR2(VR5)
Added Component: Designator=Y1(R38)
Added Pin To Net: NetName=-12V Pin=OP1-4
Added Pin To Net: NetName=-12V Pin=OP2-4
Added Pin To Net: NetName=-12V Pin=OP3-4
Added Pin To Net: NetName=-12V Pin=OP4-4
Added Pin To Net: NetName=-12V Pin=OP5-4
Added Pin To Net: NetName=-12V Pin=P3-1
Added Net: Name=-12V
Added Pin To Net: NetName=GND Pin=C2-1
Added Pin To Net: NetName=GND Pin=C3-1
Added Pin To Net: NetName=GND Pin=C5-1
Added Pin To Net: NetName=GND Pin=C6-1
Added Pin To Net: NetName=GND Pin=LS1-2
Added Pin To Net: NetName=GND Pin=P1-1
Added Pin To Net: NetName=GND Pin=P2-1
Added Pin To Net: NetName=GND Pin=P3-2
Added Pin To Net: NetName=GND Pin=R3-1
Added Pin To Net: NetName=GND Pin=R19-1
Added Pin To Net: NetName=GND Pin=R21-1
Added Pin To Net: NetName=GND Pin=R23-2
Added Pin To Net: NetName=GND Pin=U1-8
Added Pin To Net: NetName=GND Pin=U1-22
Added Pin To Net: NetName=GND Pin=VR1-1
Added Pin To Net: NetName=GND Pin=VR2-2
Added Net: Name=GND
Added Pin To Net: NetName=NetC1_1 Pin=C1-1
Added Pin To Net: NetName=NetC1_1 Pin=C2-2
Added Pin To Net: NetName=NetC1_1 Pin=R2-1
Added Pin To Net: NetName=NetC1_1 Pin=R3-2
Added Pin To Net: NetName=NetC1_1 Pin=U1-23
Added Net: Name=NetC1_1
Added Pin To Net: NetName=NetC1_2 Pin=C1-2
Added Pin To Net: NetName=NetC1_2 Pin=OP1-6
Added Pin To Net: NetName=NetC1_2 Pin=R1-2
Added Net: Name=NetC1_2
Added Pin To Net: NetName=NetC3_2 Pin=C3-2
Added Pin To Net: NetName=NetC3_2 Pin=OP3-3
Added Pin To Net: NetName=NetC3_2 Pin=R20-1
Added Net: Name=NetC3_2
Added Pin To Net: NetName=NetC4_1 Pin=C4-1
Added Pin To Net: NetName=NetC4_1 Pin=C8-1
Added Pin To Net: NetName=NetC4_1 Pin=OP4-2
Added Pin To Net: NetName=NetC4_1 Pin=OP4-6
Added Pin To Net: NetName=NetC4_1 Pin=OP5-2
Added Pin To Net: NetName=NetC4_1 Pin=OP5-6
Added Net: Name=NetC4_1
Added Pin To Net: NetName=NetC4_2 Pin=C4-2
Added Pin To Net: NetName=NetC4_2 Pin=R21-2
Added Net: Name=NetC4_2
Added Pin To Net: NetName=NetC5_2 Pin=C5-2
Added Pin To Net: NetName=NetC5_2 Pin=U1-10
Added Pin To Net: NetName=NetC5_2 Pin=Y1-1
Added Net: Name=NetC5_2
Added Pin To Net: NetName=NetC6_2 Pin=C6-2
Added Pin To Net: NetName=NetC6_2 Pin=U1-9
Added Pin To Net: NetName=NetC6_2 Pin=Y1-2
Added Net: Name=NetC6_2
Added Pin To Net: NetName=NetC7_2 Pin=C7-2
Added Pin To Net: NetName=NetC7_2 Pin=R23-1
Added Pin To Net: NetName=NetC7_2 Pin=S1-2
Added Net: Name=NetC7_2
Added Pin To Net: NetName=NetC8_2 Pin=C8-2
Added Pin To Net: NetName=NetC8_2 Pin=LS1-1
Added Net: Name=NetC8_2
Added Pin To Net: NetName=NetOP1_2 Pin=OP1-2
Added Pin To Net: NetName=NetOP1_2 Pin=R1-1
Added Pin To Net: NetName=NetOP1_2 Pin=VR1-3
Added Net: Name=NetOP1_2
Added Pin To Net: NetName=NetOP1_3 Pin=OP1-3
Added Pin To Net: NetName=NetOP1_3 Pin=P1-2
Added Net: Name=NetOP1_3
Added Pin To Net: NetName=NetOP1_7 Pin=OP1-7
Added Pin To Net: NetName=NetOP1_7 Pin=P2-2
Added Net: Name=NetOP1_7
Added Pin To Net: NetName=NetOP2_2 Pin=OP2-2
Added Pin To Net: NetName=NetOP2_2 Pin=OP2-6
Added Pin To Net: NetName=NetOP2_2 Pin=R20-2
Added Net: Name=NetOP2_2
Added Pin To Net: NetName=NetOP2_3 Pin=OP2-3
Added Pin To Net: NetName=NetOP2_3 Pin=R4-2
Added Pin To Net: NetName=NetOP2_3 Pin=R12-2
Added Net: Name=NetOP2_3
Added Pin To Net: NetName=NetOP2_7 Pin=OP2-7
Added Pin To Net: NetName=NetOP2_7 Pin=OP3-7
Added Pin To Net: NetName=NetOP2_7 Pin=OP4-7
Added Pin To Net: NetName=NetOP2_7 Pin=OP5-7
Added Pin To Net: NetName=NetOP2_7 Pin=R2-2
Added Pin To Net: NetName=NetOP2_7 Pin=U1-7
Added Net: Name=NetOP2_7
Added Pin To Net: NetName=NetOP3_2 Pin=OP3-2
Added Pin To Net: NetName=NetOP3_2 Pin=OP3-6
Added Pin To Net: NetName=NetOP3_2 Pin=VR2-1
Added Net: Name=NetOP3_2
Added Pin To Net: NetName=NetOP4_3 Pin=OP4-3
Added Pin To Net: NetName=NetOP4_3 Pin=OP5-3
Added Pin To Net: NetName=NetOP4_3 Pin=VR2-3
Added Net: Name=NetOP4_3
Added Pin To Net: NetName=NetR4_1 Pin=R4-1
Added Pin To Net: NetName=NetR4_1 Pin=U1-2
Added Net: Name=NetR4_1
Added Pin To Net: NetName=NetR5_1 Pin=R5-1
Added Pin To Net: NetName=NetR5_1 Pin=U1-3
Added Net: Name=NetR5_1
Added Pin To Net: NetName=NetR5_2 Pin=R5-2
Added Pin To Net: NetName=NetR5_2 Pin=R12-1
Added Pin To Net: NetName=NetR5_2 Pin=R13-2
Added Net: Name=NetR5_2
Added Pin To Net: NetName=NetR6_1 Pin=R6-1
Added Pin To Net: NetName=NetR6_1 Pin=U1-4
Added Net: Name=NetR6_1
Added Pin To Net: NetName=NetR6_2 Pin=R6-2
Added Pin To Net: NetName=NetR6_2 Pin=R13-1
Added Pin To Net: NetName=NetR6_2 Pin=R14-2
Added Net: Name=NetR6_2
Added Pin To Net: NetName=NetR7_1 Pin=R7-1
Added Pin To Net: NetName=NetR7_1 Pin=U1-5
Added Net: Name=NetR7_1
Added Pin To Net: NetName=NetR7_2 Pin=R7-2
Added Pin To Net: NetName=NetR7_2 Pin=R14-1
Added Pin To Net: NetName=NetR7_2 Pin=R15-2
Added Net: Name=NetR7_2
Added Pin To Net: NetName=NetR8_1 Pin=R8-1
Added Pin To Net: NetName=NetR8_1 Pin=U1-6
Added Net: Name=NetR8_1
Added Pin To Net: NetName=NetR8_2 Pin=R8-2
Added Pin To Net: NetName=NetR8_2 Pin=R15-1
Added Pin To Net: NetName=NetR8_2 Pin=R16-2
Added Net: Name=NetR8_2
Added Pin To Net: NetName=NetR9_1 Pin=R9-1
Added Pin To Net: NetName=NetR9_1 Pin=U1-11
Added Net: Name=NetR9_1
Added Pin To Net: NetName=NetR9_2 Pin=R9-2
Added Pin To Net: NetName=NetR9_2 Pin=R16-1
Added Pin To Net: NetName=NetR9_2 Pin=R17-2
Added Net: Name=NetR9_2
Added Pin To Net: NetName=NetR10_1 Pin=R10-1
Added Pin To Net: NetName=NetR10_1 Pin=U1-12
Added Net: Name=NetR10_1
Added Pin To Net: NetName=NetR10_2 Pin=R10-2
Added Pin To Net: NetName=NetR10_2 Pin=R17-1
Added Pin To Net: NetName=NetR10_2 Pin=R18-2
Added Net: Name=NetR10_2
Added Pin To Net: NetName=NetR11_1 Pin=R11-1
Added Pin To Net: NetName=NetR11_1 Pin=U1-13
Added Net: Name=NetR11_1
Added Pin To Net: NetName=NetR11_2 Pin=R11-2
Added Pin To Net: NetName=NetR11_2 Pin=R18-1
Added Pin To Net: NetName=NetR11_2 Pin=R19-2
Added Net: Name=NetR11_2
Added Pin To Net: NetName=RESET Pin=S1-1
Added Pin To Net: NetName=RESET Pin=U1-1
Added Net: Name=RESET
Added Pin To Net: NetName=VCC Pin=C7-1
Added Net: Name=VCC
Added Class: Name=Audio ADC
Added Room: Name=Audio ADC
