Removed Pin From Net: NetName=VCC Pin=C7-1
Removed Pin From Net: NetName=NetC7_2 Pin=C7-2
Removed Pin From Net: NetName=NetOP1_7 Pin=OP1-7
Removed Pin From Net: NetName=NetOP1_7 Pin=P2-2
Removed Pin From Net: NetName=VCC Pin=P5-2
Removed Pin From Net: NetName=VCC Pin=R2-2
Removed Pin From Net: NetName=GND Pin=R23-2
Removed Pin From Net: NetName=NetC7_2 Pin=S1-2
Removed Pin From Net: NetName=VCC Pin=U1-7
Change Component Footprint: Designator=S1 Old Footprint=RAD-0.3 New Footprint=SPST-2
Change Component Footprint: Designator=VR1 Old Footprint=VR4 New Footprint=VR5
Change Component Footprint: Designator=VR2 Old Footprint=VR4 New Footprint=VR5
Change Component Comment : Designator=R23 Old Comment=8.2k New Comment=10k
Change Component Comment : Designator=P2 Old Comment=12v New Comment=+10v
Change Component Comment : Designator=P3 Old Comment=12v New Comment=-10v
Added Component: Designator=D1(LED-1)
Added Component: Designator=P6(cONECTOR)
Added Component: Designator=R24(AXIAL-0.3)
Added Pin To Net: NetName=NetOP1_7 Pin=C7-1
Added Pin To Net: NetName=GND Pin=C7-2
Added Pin To Net: NetName=VCC Pin=OP1-7
Added Pin To Net: NetName=VCC Pin=P2-2
Added Pin To Net: NetName=NetC7_2 Pin=P5-2
Added Pin To Net: NetName=NetC7_2 Pin=P6-1
Added Pin To Net: NetName=GND Pin=P6-2
Added Pin To Net: NetName=NetC7_2 Pin=R2-2
Added Pin To Net: NetName=NetOP1_7 Pin=R23-2
Added Pin To Net: NetName=GND Pin=R24-1
Added Pin To Net: NetName=NetOP1_7 Pin=S1-2
Added Pin To Net: NetName=NetC7_2 Pin=U1-7
Added Pin To Net: NetName=NetC7_2 Pin=U1-20
Change Net Name : Old Net Name=-12V New Net Name=-10V
Change Net Name : Old Net Name=NetC5_2 New Net Name=OSC2
Change Net Name : Old Net Name=NetC6_2 New Net Name=OSC1
Change Net Name : Old Net Name=NetC7_2 New Net Name=VCC
Change Net Name : Old Net Name=NetOP1_7 New Net Name=NetC7_1
Change Net Name : Old Net Name=VCC New Net Name=10V
Added Pin To Net: NetName=CORTE Pin=D1-1
Added Pin To Net: NetName=CORTE Pin=U1-14
Added Net: Name=CORTE
Added Member To Class: ClassName=Audio ADC Member=Component D1 LED1
Added Member To Class: ClassName=Audio ADC Member=Component P6 5v
Added Member To Class: ClassName=Audio ADC Member=Component R24 150
