Removed Pin From Net: NetName=VCC Pin=C7-1
Removed Pin From Net: NetName=RESET Pin=S1-1
Removed Pin From Net: NetName=RESET Pin=U1-1
Change Component Footprint: Designator=P1 Old Footprint=cONECTOR New Footprint=MHDR1X2
Change Component Footprint: Designator=P2 Old Footprint=cONECTOR New Footprint=MHDR1X2
Change Component Footprint: Designator=P3 Old Footprint=cONECTOR New Footprint=MHDR1X2
Change Component Footprint: Designator=OP2 Old Footprint=DIP-8 New Footprint=H-08A
Change Component Footprint: Designator=OP3 Old Footprint=DIP-8 New Footprint=H-08A
Change Component Footprint: Designator=OP4 Old Footprint=DIP-8 New Footprint=H-08A
Change Component Footprint: Designator=OP5 Old Footprint=DIP-8 New Footprint=H-08A
Change Component Footprint: Designator=C1 Old Footprint=RAD-0.1 New Footprint=CAPR5-4X5
Change Component Footprint: Designator=C8 Old Footprint=RAD-0.1 New Footprint=CAPR5-4X5
Change Component Footprint: Designator=C2 Old Footprint=RAD-0.1 New Footprint=RAD-0.3
Change Component Footprint: Designator=C3 Old Footprint=RAD-0.1 New Footprint=RAD-0.3
Added Component: Designator=P5(HDR2X5)
Added Pin To Net: NetName=NetOP2_7 Pin=C7-1
Added Pin To Net: NetName=GND Pin=P5-4
Added Pin To Net: NetName=VCC Pin=P5-5
Added Pin To Net: NetName=GND Pin=P5-6
Added Pin To Net: NetName=RESET Pin=P5-7
Added Pin To Net: NetName=GND Pin=P5-8
Added Pin To Net: NetName=GND Pin=P5-10
Added Pin To Net: NetName=VCC Pin=S1-1
Added Pin To Net: NetName=VCC Pin=U1-1
Added Pin To Net: NetName=RESET Pin=U1-19
Change Net Name : Old Net Name=NetOP2_7 New Net Name=VCC
Change Net Name : Old Net Name=RESET New Net Name=SCK
Change Net Name : Old Net Name=VCC New Net Name=RST
Added Pin To Net: NetName=MISO Pin=P5-9
Added Pin To Net: NetName=MISO Pin=U1-18
Added Net: Name=MISO
Added Pin To Net: NetName=MOSI Pin=P5-1
Added Pin To Net: NetName=MOSI Pin=U1-17
Added Net: Name=MOSI
Added Pin To Net: NetName=NC Pin=P5-3
Added Pin To Net: NetName=NC Pin=U1-16
Added Net: Name=NC
Added Member To Class: ClassName=Audio ADC Member=Component P5 Header 5X2
